<?xml version="1.0" encoding="UTF-8"?>
<!-- Generated by org.testng.reporters.JUnitReportReporter -->
<testsuite hostname="DESKTOP-VVM8OTS" failures="0" tests="5" name="test.testalter" time="0.023" errors="0" timestamp="18 Oct 2019 05:11:27 GMT" skipped="0">
  <testcase classname="test.testalter" name="m1" time="0.012"/>
  <testcase classname="test.testalter" name="m2" time="0.003"/>
  <testcase classname="test.testalter" name="m3" time="0.002"/>
  <testcase classname="test.testalter" name="m4" time="0.002"/>
  <testcase classname="test.testalter" name="m5" time="0.004"/>
</testsuite> <!-- test.testalter -->
