<?xml version="1.0" encoding="UTF-8"?>
<!-- Generated by org.testng.reporters.JUnitReportReporter -->
<testsuite skipped="0" hostname="DESKTOP-VVM8OTS" name="Listener.ListenerItst" tests="6" failures="0" timestamp="24 Oct 2019 12:00:41 GMT" time="0.167" errors="0">
  <testcase name="createUser" time="0.049" classname="Listener.ListenerItst"/>
  <testcase name="createUser" time="0.006" classname="Listener.ListenerItst"/>
  <testcase name="createUser" time="0.005" classname="Listener.ListenerItst"/>
  <testcase name="createUser" time="0.006" classname="Listener.ListenerItst"/>
  <testcase name="createUser" time="0.089" classname="Listener.ListenerItst"/>
  <testcase name="createUser" time="0.012" classname="Listener.ListenerItst"/>
</testsuite> <!-- Listener.ListenerItst -->
