<?xml version="1.0" encoding="UTF-8"?>
<!-- Generated by org.testng.reporters.JUnitReportReporter -->
<testsuite hostname="DESKTOP-VVM8OTS" failures="0" tests="5" name="Listener.Hookable_Interface" time="0.016" errors="0" timestamp="15 Oct 2019 10:22:18 GMT" skipped="0">
  <testcase classname="Listener.Hookable_Interface" name="test" time="0.002"/>
  <testcase classname="Listener.Hookable_Interface" name="test" time="0.006"/>
  <testcase classname="Listener.Hookable_Interface" name="test" time="0.005"/>
  <testcase classname="Listener.Hookable_Interface" name="test" time="0.001"/>
  <testcase classname="Listener.Hookable_Interface" name="test" time="0.002"/>
</testsuite> <!-- Listener.Hookable_Interface -->
