<?xml version="1.0" encoding="UTF-8"?>
<!-- Generated by org.testng.reporters.JUnitReportReporter -->
<testsuite hostname="DESKTOP-VVM8OTS" failures="0" tests="3" name="Listener.DataProviderAnnotation" time="10150.358" errors="0" timestamp="15 Oct 2019 10:22:18 GMT" skipped="0">
  <testcase classname="Listener.DataProviderAnnotation" name="largeDataTest" time="4895.906"/>
  <testcase classname="Listener.DataProviderAnnotation" name="largeDataTest" time="30.106"/>
  <testcase classname="Listener.DataProviderAnnotation" name="largeDataTest" time="5224.346"/>
</testsuite> <!-- Listener.DataProviderAnnotation -->
