<?xml version="1.0" encoding="UTF-8"?>
<!-- Generated by org.testng.reporters.JUnitReportReporter -->
<testsuite skipped="0" hostname="DESKTOP-VVM8OTS" name="test.testdatapro" tests="1" failures="0" timestamp="24 Oct 2019 13:25:03 GMT" time="0.155" errors="0">
  <testcase name="test" time="0.155" classname="test.testdatapro"/>
</testsuite> <!-- test.testdatapro -->
