<?xml version="1.0" encoding="UTF-8"?>
<!-- Generated by org.testng.reporters.JUnitReportReporter -->
<testsuite skipped="0" hostname="DESKTOP-VVM8OTS" name="test.FactoryAnnotationTransformerExample" tests="3" failures="0" timestamp="24 Oct 2019 07:35:52 GMT" time="0.134" errors="0">
  <testcase name="t1" time="0.004" classname="test.FactoryAnnotationTransformerExample"/>
  <testcase name="t1" time="0.006" classname="test.FactoryAnnotationTransformerExample"/>
  <testcase name="t1" time="0.124" classname="test.FactoryAnnotationTransformerExample"/>
</testsuite> <!-- test.FactoryAnnotationTransformerExample -->
